\BOOKMARK [1][-]{section.1}{DC Circuits}{}% 1
\BOOKMARK [2][-]{subsection.1.1}{Ohm's Law and Ohmic Devices}{section.1}% 2
\BOOKMARK [2][-]{subsection.1.2}{Resistors in Series and Parallel}{section.1}% 3
\BOOKMARK [2][-]{subsection.1.3}{Resistor Network Analysis}{section.1}% 4
\BOOKMARK [2][-]{subsection.1.4}{Kirchhoff's Rules}{section.1}% 5
\BOOKMARK [2][-]{subsection.1.5}{Th\351venin's Theorem}{section.1}% 6
\BOOKMARK [1][-]{section.2}{AC Circuits}{}% 7
\BOOKMARK [2][-]{subsection.2.1}{Resistance, Reactance, and Impedance: the Complex Number Representation}{section.2}% 8
\BOOKMARK [2][-]{subsection.2.2}{Phasor Analysis}{section.2}% 9
\BOOKMARK [2][-]{subsection.2.3}{AC Voltage Dividers}{section.2}% 10
\BOOKMARK [1][-]{section.3}{Diodes}{}% 11
\BOOKMARK [1][-]{section.4}{Transistors}{}% 12
\BOOKMARK [2][-]{subsection.4.1}{Transistor Behavior}{section.4}% 13
\BOOKMARK [2][-]{subsection.4.2}{Application: Transistor Switch}{section.4}% 14
\BOOKMARK [2][-]{subsection.4.3}{Application: Emitter Follower}{section.4}% 15
\BOOKMARK [2][-]{subsection.4.4}{Application: Common Emitter Amplifier}{section.4}% 16
\BOOKMARK [1][-]{section.5}{Operational Amplifiers \(Op Amps\)}{}% 17
\BOOKMARK [2][-]{subsection.5.1}{Application: Inverting Amplifier}{section.5}% 18
\BOOKMARK [2][-]{subsection.5.2}{Application: Non-inverting Amplifier}{section.5}% 19
\BOOKMARK [2][-]{subsection.5.3}{Application: Voltage Follower/Buffer}{section.5}% 20
\BOOKMARK [2][-]{subsection.5.4}{Application: Summing Amplifier}{section.5}% 21
\BOOKMARK [2][-]{subsection.5.5}{Application: Differential Amplifier}{section.5}% 22
\BOOKMARK [2][-]{subsection.5.6}{Application: Differentiator}{section.5}% 23
\BOOKMARK [2][-]{subsection.5.7}{Application: Integrator}{section.5}% 24
\BOOKMARK [1][-]{appendix.A}{Decibels}{}% 25
\BOOKMARK [1][-]{appendix.B}{The Breadboard}{}% 26
\BOOKMARK [1][-]{appendix.C}{Resistor Color Codes}{}% 27
\BOOKMARK [1][-]{appendix.D}{Digital Multimeter \(DMM\) Guide}{}% 28
\BOOKMARK [2][-]{subsection.D.1}{Measuring Potential Difference \(Voltage Drop\)}{appendix.D}% 29
\BOOKMARK [2][-]{subsection.D.2}{Measuring Resistance}{appendix.D}% 30
\BOOKMARK [2][-]{subsection.D.3}{Measuring Current}{appendix.D}% 31
