This is pdfTeX, Version 3.14159265-2.6-1.40.20 (TeX Live 2019/Debian) (preloaded format=pdflatex 2021.1.30)  12 JUN 2021 16:09
entering extended mode
 restricted \write18 enabled.
 %&-line parsing enabled.
**p328_notes.tex
(./p328_notes.tex
LaTeX2e <2020-02-02> patch level 2
L3 programming layer <2020-02-14>
(/usr/share/texlive/texmf-dist/tex/latex/base/article.cls
Document Class: article 2019/12/20 v1.4l Standard LaTeX document class
(/usr/share/texlive/texmf-dist/tex/latex/base/size11.clo
File: size11.clo 2019/12/20 v1.4l Standard LaTeX file (size option)
)
\c@part=\count167
\c@section=\count168
\c@subsection=\count169
\c@subsubsection=\count170
\c@paragraph=\count171
\c@subparagraph=\count172
\c@figure=\count173
\c@table=\count174
\abovecaptionskip=\skip47
\belowcaptionskip=\skip48
\bibindent=\dimen134
)
(/usr/share/texlive/texmf-dist/tex/latex/graphics/graphics.sty
Package: graphics 2019/11/30 v1.4a Standard LaTeX Graphics (DPC,SPQR)

(/usr/share/texlive/texmf-dist/tex/latex/graphics/trig.sty
Package: trig 2016/01/03 v1.10 sin cos tan (DPC)
)
(/usr/share/texlive/texmf-dist/tex/latex/graphics-cfg/graphics.cfg
File: graphics.cfg 2016/06/04 v1.11 sample graphics configuration
)
Package graphics Info: Driver file: pdftex.def on input line 105.

(/usr/share/texlive/texmf-dist/tex/latex/graphics-def/pdftex.def
File: pdftex.def 2018/01/08 v1.0l Graphics/color driver for pdftex
))
(/usr/share/texlive/texmf-dist/tex/latex/hyperref/xr-hyper.sty
Package: xr-hyper 2019/10/03 v6.1 eXternal References (DPC)
)
(/usr/share/texlive/texmf-dist/tex/latex/hyperref/hyperref.sty
Package: hyperref 2020/01/14 v7.00d Hypertext links for LaTeX

(/usr/share/texlive/texmf-dist/tex/generic/ltxcmds/ltxcmds.sty
Package: ltxcmds 2019/12/15 v1.24 LaTeX kernel commands for general use (HO)
)
(/usr/share/texlive/texmf-dist/tex/generic/iftex/iftex.sty
Package: iftex 2019/11/07 v1.0c TeX engine tests
)
(/usr/share/texlive/texmf-dist/tex/latex/pdftexcmds/pdftexcmds.sty
Package: pdftexcmds 2019/11/24 v0.31 Utility functions of pdfTeX for LuaTeX (HO
)

(/usr/share/texlive/texmf-dist/tex/generic/infwarerr/infwarerr.sty
Package: infwarerr 2019/12/03 v1.5 Providing info/warning/error messages (HO)
)
Package pdftexcmds Info: \pdf@primitive is available.
Package pdftexcmds Info: \pdf@ifprimitive is available.
Package pdftexcmds Info: \pdfdraftmode found.
)
(/usr/share/texlive/texmf-dist/tex/latex/graphics/keyval.sty
Package: keyval 2014/10/28 v1.15 key=value parser (DPC)
\KV@toks@=\toks14
)
(/usr/share/texlive/texmf-dist/tex/generic/kvsetkeys/kvsetkeys.sty
Package: kvsetkeys 2019/12/15 v1.18 Key value parser (HO)
)
(/usr/share/texlive/texmf-dist/tex/generic/kvdefinekeys/kvdefinekeys.sty
Package: kvdefinekeys 2019-12-19 v1.6 Define keys (HO)
)
(/usr/share/texlive/texmf-dist/tex/generic/pdfescape/pdfescape.sty
Package: pdfescape 2019/12/09 v1.15 Implements pdfTeX's escape features (HO)
)
(/usr/share/texlive/texmf-dist/tex/latex/hycolor/hycolor.sty
Package: hycolor 2020-01-27 v1.10 Color options for hyperref/bookmark (HO)
)
(/usr/share/texlive/texmf-dist/tex/latex/letltxmacro/letltxmacro.sty
Package: letltxmacro 2019/12/03 v1.6 Let assignment for LaTeX macros (HO)
)
(/usr/share/texlive/texmf-dist/tex/latex/auxhook/auxhook.sty
Package: auxhook 2019-12-17 v1.6 Hooks for auxiliary files (HO)
)
(/usr/share/texlive/texmf-dist/tex/latex/kvoptions/kvoptions.sty
Package: kvoptions 2019/11/29 v3.13 Key value format for package options (HO)
)
\@linkdim=\dimen135
\Hy@linkcounter=\count175
\Hy@pagecounter=\count176

(/usr/share/texlive/texmf-dist/tex/latex/hyperref/pd1enc.def
File: pd1enc.def 2020/01/14 v7.00d Hyperref: PDFDocEncoding definition (HO)
Now handling font encoding PD1 ...
... no UTF-8 mapping file for font encoding PD1
)
(/usr/share/texlive/texmf-dist/tex/generic/intcalc/intcalc.sty
Package: intcalc 2019/12/15 v1.3 Expandable calculations with integers (HO)
)
(/usr/share/texlive/texmf-dist/tex/generic/etexcmds/etexcmds.sty
Package: etexcmds 2019/12/15 v1.7 Avoid name clashes with e-TeX commands (HO)
)
\Hy@SavedSpaceFactor=\count177
\pdfmajorversion=\count178
Package hyperref Info: Hyper figures OFF on input line 4547.
Package hyperref Info: Link nesting OFF on input line 4552.
Package hyperref Info: Hyper index ON on input line 4555.
Package hyperref Info: Plain pages OFF on input line 4562.
Package hyperref Info: Backreferencing OFF on input line 4567.
Package hyperref Info: Implicit mode ON; LaTeX internals redefined.
Package hyperref Info: Bookmarks ON on input line 4800.
\c@Hy@tempcnt=\count179

(/usr/share/texlive/texmf-dist/tex/latex/url/url.sty
\Urlmuskip=\muskip16
Package: url 2013/09/16  ver 3.4  Verb mode for urls, etc.
)
LaTeX Info: Redefining \url on input line 5159.
\XeTeXLinkMargin=\dimen136

(/usr/share/texlive/texmf-dist/tex/generic/bitset/bitset.sty
Package: bitset 2019/12/09 v1.3 Handle bit-vector datatype (HO)

(/usr/share/texlive/texmf-dist/tex/generic/bigintcalc/bigintcalc.sty
Package: bigintcalc 2019/12/15 v1.5 Expandable calculations on big integers (HO
)
))
\Fld@menulength=\count180
\Field@Width=\dimen137
\Fld@charsize=\dimen138
Package hyperref Info: Hyper figures OFF on input line 6430.
Package hyperref Info: Link nesting OFF on input line 6435.
Package hyperref Info: Hyper index ON on input line 6438.
Package hyperref Info: backreferencing OFF on input line 6445.
Package hyperref Info: Link coloring OFF on input line 6450.
Package hyperref Info: Link coloring with OCG OFF on input line 6455.
Package hyperref Info: PDF/A mode OFF on input line 6460.
LaTeX Info: Redefining \ref on input line 6500.
LaTeX Info: Redefining \pageref on input line 6504.

(/usr/share/texlive/texmf-dist/tex/generic/atbegshi/atbegshi.sty
Package: atbegshi 2019/12/05 v1.19 At begin shipout hook (HO)
)
\Hy@abspage=\count181
\c@Item=\count182
\c@Hfootnote=\count183
)
Package hyperref Info: Driver (autodetected): hpdftex.

(/usr/share/texlive/texmf-dist/tex/latex/hyperref/hpdftex.def
File: hpdftex.def 2020/01/14 v7.00d Hyperref driver for pdfTeX

(/usr/share/texlive/texmf-dist/tex/latex/atveryend/atveryend.sty
Package: atveryend 2019-12-11 v1.11 Hooks at the very end of document (HO)
Package atveryend Info: \enddocument detected (standard20110627).
)
\Fld@listcount=\count184
\c@bookmark@seq@number=\count185

(/usr/share/texlive/texmf-dist/tex/latex/rerunfilecheck/rerunfilecheck.sty
Package: rerunfilecheck 2019/12/05 v1.9 Rerun checks for auxiliary files (HO)

(/usr/share/texlive/texmf-dist/tex/generic/uniquecounter/uniquecounter.sty
Package: uniquecounter 2019/12/15 v1.4 Provide unlimited unique counter (HO)
)
Package uniquecounter Info: New unique counter `rerunfilecheck' on input line 2
86.
)
\Hy@SectionHShift=\skip49
)
(/usr/share/texlive/texmf-dist/tex/latex/graphics/color.sty
Package: color 2019/11/23 v1.2a Standard LaTeX Color (DPC)

(/usr/share/texlive/texmf-dist/tex/latex/graphics-cfg/color.cfg
File: color.cfg 2016/01/02 v1.6 sample color configuration
)
Package color Info: Driver file: pdftex.def on input line 147.

(/usr/share/texlive/texmf-dist/tex/latex/graphics/dvipsnam.def
File: dvipsnam.def 2016/06/17 v3.0m Driver-dependent file (DPC,SPQR)
))
(/usr/share/texlive/texmf-dist/tex/latex/colortbl/colortbl.sty
Package: colortbl 2020/01/04 v1.0e Color table columns (DPC)

(/usr/share/texlive/texmf-dist/tex/latex/tools/array.sty
Package: array 2019/08/31 v2.4l Tabular extension package (FMi)
\col@sep=\dimen139
\ar@mcellbox=\box45
\extrarowheight=\dimen140
\NC@list=\toks15
\extratabsurround=\skip50
\backup@length=\skip51
\ar@cellbox=\box46
)
\everycr=\toks16
\minrowclearance=\skip52
)
(/usr/share/texlive/texmf-dist/tex/latex/tools/calc.sty
Package: calc 2017/05/25 v4.3 Infix arithmetic (KKT,FJ)
\calc@Acount=\count186
\calc@Bcount=\count187
\calc@Adimen=\dimen141
\calc@Bdimen=\dimen142
\calc@Askip=\skip53
\calc@Bskip=\skip54
LaTeX Info: Redefining \setlength on input line 80.
LaTeX Info: Redefining \addtolength on input line 81.
\calc@Ccount=\count188
\calc@Cskip=\skip55
)
(/usr/share/texlive/texmf-dist/tex/latex/sfmath/sfmath.sty
Package: sfmath 2007/08/27 v0.8 sans serif maths
LaTeX Font Info:    Overwriting symbol font `operators' in version `normal'
(Font)                  OT1/cmr/m/n --> OT1/cmss/m/n on input line 329.
LaTeX Font Info:    Overwriting symbol font `operators' in version `bold'
(Font)                  OT1/cmr/bx/n --> OT1/cmss/bx/n on input line 330.
\symSFMath=\mathgroup4
LaTeX Font Info:    Overwriting symbol font `SFMath' in version `normal'
(Font)                  OT1/cmss/m/sl --> OT1/cmss/m/sl on input line 343.
LaTeX Font Info:    Overwriting symbol font `SFMath' in version `bold'
(Font)                  OT1/cmss/m/sl --> OT1/cmss/bx/n on input line 344.
LaTeX Font Info:    Redeclaring math symbol \imath on input line 398.
LaTeX Font Info:    Redeclaring math symbol \jmath on input line 399.
\symSFMathUp=\mathgroup5
LaTeX Font Info:    Overwriting symbol font `SFMathUp' in version `normal'
(Font)                  OT1/cmss/m/n --> OT1/cmss/m/n on input line 406.
LaTeX Font Info:    Overwriting symbol font `SFMathUp' in version `bold'
(Font)                  OT1/cmss/m/n --> OT1/cmss/bx/n on input line 407.
LaTeX Font Info:    Redeclaring math symbol \ldotp on input line 410.
\symSFMathGreek=\mathgroup6
LaTeX Font Info:    Overwriting symbol font `SFMathGreek' in version `normal'
(Font)                  OT1/cmss/m/n --> OT1/cmss/m/n on input line 419.
LaTeX Font Info:    Overwriting symbol font `SFMathGreek' in version `bold'
(Font)                  OT1/cmss/m/n --> OT1/cmss/bx/n on input line 420.
LaTeX Font Info:    Redeclaring math symbol \Gamma on input line 422.
LaTeX Font Info:    Redeclaring math symbol \Delta on input line 423.
LaTeX Font Info:    Redeclaring math symbol \Theta on input line 424.
LaTeX Font Info:    Redeclaring math symbol \Lambda on input line 425.
LaTeX Font Info:    Redeclaring math symbol \Xi on input line 426.
LaTeX Font Info:    Redeclaring math symbol \Pi on input line 427.
LaTeX Font Info:    Redeclaring math symbol \Sigma on input line 428.
LaTeX Font Info:    Redeclaring math symbol \Upsilon on input line 429.
LaTeX Font Info:    Redeclaring math symbol \Phi on input line 430.
LaTeX Font Info:    Redeclaring math symbol \Psi on input line 431.
LaTeX Font Info:    Redeclaring math symbol \Omega on input line 432.
\symSFMathUpGreek=\mathgroup7
LaTeX Font Info:    Overwriting symbol font `SFMathUpGreek' in version `normal'

(Font)                  OT1/cmss/m/n --> OT1/cmss/m/n on input line 436.
LaTeX Font Info:    Overwriting symbol font `SFMathUpGreek' in version `bold'
(Font)                  OT1/cmss/m/n --> OT1/cmss/bx/n on input line 437.
LaTeX Font Info:    Overwriting math alphabet `\mathnormal' in version `normal'

(Font)                  OML/cmm/m/it --> OT1/cmss/m/sl on input line 446.
LaTeX Font Info:    Overwriting math alphabet `\mathnormal' in version `bold'
(Font)                  OML/cmm/b/it --> OT1/cmss/bx/n on input line 447.
LaTeX Font Info:    Overwriting math alphabet `\mathrm' in version `normal'
(Font)                  OT1/cmss/m/n --> OT1/cmss/m/n on input line 449.
LaTeX Font Info:    Overwriting math alphabet `\mathrm' in version `bold'
(Font)                  OT1/cmss/bx/n --> OT1/cmss/bx/n on input line 450.
LaTeX Font Info:    Overwriting math alphabet `\mathbf' in version `normal'
(Font)                  OT1/cmr/bx/n --> OT1/cmss/bx/n on input line 452.
LaTeX Font Info:    Overwriting math alphabet `\mathbf' in version `bold'
(Font)                  OT1/cmr/bx/n --> OT1/cmss/bx/n on input line 453.
LaTeX Font Info:    Overwriting math alphabet `\mathit' in version `normal'
(Font)                  OT1/cmr/m/it --> OT1/cmss/m/sl on input line 455.
LaTeX Font Info:    Overwriting math alphabet `\mathit' in version `bold'
(Font)                  OT1/cmr/bx/it --> OT1/cmss/m/sl on input line 456.
LaTeX Font Info:    Overwriting math alphabet `\mathsf' in version `normal'
(Font)                  OT1/cmss/m/n --> OT1/cmss/m/n on input line 458.
LaTeX Font Info:    Overwriting math alphabet `\mathsf' in version `bold'
(Font)                  OT1/cmss/bx/n --> OT1/cmss/bx/n on input line 459.
LaTeX Font Info:    Overwriting math alphabet `\mathsl' in version `bold'
(Font)                  OT1/cmss/m/sl --> OT1/cmss/m/sl on input line 466.
)
(/usr/share/texlive/texmf-dist/tex/latex/l3backend/l3backend-pdfmode.def
File: l3backend-pdfmode.def 2020-02-03 L3 backend support: PDF mode
\l__kernel_color_stack_int=\count189
\l__pdf_internal_box=\box47
)
(./p328_notes.aux)
\openout1 = `p328_notes.aux'.

LaTeX Font Info:    Checking defaults for OML/cmm/m/it on input line 26.
LaTeX Font Info:    ... okay on input line 26.
LaTeX Font Info:    Checking defaults for OMS/cmsy/m/n on input line 26.
LaTeX Font Info:    ... okay on input line 26.
LaTeX Font Info:    Checking defaults for OT1/cmr/m/n on input line 26.
LaTeX Font Info:    ... okay on input line 26.
LaTeX Font Info:    Checking defaults for T1/cmr/m/n on input line 26.
LaTeX Font Info:    ... okay on input line 26.
LaTeX Font Info:    Checking defaults for TS1/cmr/m/n on input line 26.
LaTeX Font Info:    ... okay on input line 26.
LaTeX Font Info:    Checking defaults for OMX/cmex/m/n on input line 26.
LaTeX Font Info:    ... okay on input line 26.
LaTeX Font Info:    Checking defaults for U/cmr/m/n on input line 26.
LaTeX Font Info:    ... okay on input line 26.
LaTeX Font Info:    Checking defaults for PD1/pdf/m/n on input line 26.
LaTeX Font Info:    ... okay on input line 26.

(/usr/share/texlive/texmf-dist/tex/context/base/mkii/supp-pdf.mkii
[Loading MPS to PDF converter (version 2006.09.02).]
\scratchcounter=\count190
\scratchdimen=\dimen143
\scratchbox=\box48
\nofMPsegments=\count191
\nofMParguments=\count192
\everyMPshowfont=\toks17
\MPscratchCnt=\count193
\MPscratchDim=\dimen144
\MPnumerator=\count194
\makeMPintoPDFobject=\count195
\everyMPtoPDFconversion=\toks18
) (/usr/share/texlive/texmf-dist/tex/latex/epstopdf-pkg/epstopdf-base.sty
Package: epstopdf-base 2020-01-24 v2.11 Base part for package epstopdf
Package epstopdf-base Info: Redefining graphics rule for `.eps' on input line 4
85.

(/usr/share/texlive/texmf-dist/tex/latex/latexconfig/epstopdf-sys.cfg
File: epstopdf-sys.cfg 2010/07/13 v1.3 Configuration of (r)epstopdf for TeX Liv
e
))
\AtBeginShipoutBox=\box49
Package hyperref Info: Link coloring OFF on input line 26.

(/usr/share/texlive/texmf-dist/tex/latex/hyperref/nameref.sty
Package: nameref 2019/09/16 v2.46 Cross-referencing by name of section

(/usr/share/texlive/texmf-dist/tex/latex/refcount/refcount.sty
Package: refcount 2019/12/15 v3.6 Data extraction from label references (HO)
)
(/usr/share/texlive/texmf-dist/tex/generic/gettitlestring/gettitlestring.sty
Package: gettitlestring 2019/12/15 v1.6 Cleanup title references (HO)
)
\c@section@level=\count196
)
LaTeX Info: Redefining \ref on input line 26.
LaTeX Info: Redefining \pageref on input line 26.
LaTeX Info: Redefining \nameref on input line 26.

(./p328_notes.out) (./p328_notes.out)
\@outlinefile=\write3
\openout3 = `p328_notes.out'.

LaTeX Font Info:    External font `cmex10' loaded for size
(Font)              <12> on input line 31.
LaTeX Font Info:    External font `cmex10' loaded for size
(Font)              <8> on input line 31.
LaTeX Font Info:    External font `cmex10' loaded for size
(Font)              <6> on input line 31.
LaTeX Font Info:    External font `cmex10' loaded for size
(Font)              <10.95> on input line 38.
Package epstopdf Info: Source file: <seriesparallel.eps>
(epstopdf)                    date: 2017-09-05 19:06:22
(epstopdf)                    size: 28388 bytes
(epstopdf)             Output file: <seriesparallel-eps-converted-to.pdf>
(epstopdf)                    date: 2021-06-12 16:09:20
(epstopdf)                    size: 13283 bytes
(epstopdf)             Command: <repstopdf --outfile=seriesparallel-eps-convert
ed-to.pdf seriesparallel.eps>
(epstopdf)             \includegraphics on input line 62.
Package epstopdf Info: Output file is already uptodate.
<seriesparallel-eps-converted-to.pdf, id=128, 286.06876pt x 163.61125pt>
File: seriesparallel-eps-converted-to.pdf Graphic file (type pdf)
<use seriesparallel-eps-converted-to.pdf>
Package pdftex.def Info: seriesparallel-eps-converted-to.pdf  used on input lin
e 62.
(pdftex.def)             Requested size: 286.06805pt x 163.61084pt.
 [1

{/var/lib/texmf/fonts/map/pdftex/updmap/pdftex.map} <./seriesparallel-eps-conve
rted-to.pdf>]
Package epstopdf Info: Source file: <rnetwork.eps>
(epstopdf)                    date: 2017-08-11 21:54:08
(epstopdf)                    size: 11380 bytes
(epstopdf)             Output file: <rnetwork-eps-converted-to.pdf>
(epstopdf)                    date: 2021-06-12 16:09:21
(epstopdf)                    size: 6484 bytes
(epstopdf)             Command: <repstopdf --outfile=rnetwork-eps-converted-to.
pdf rnetwork.eps>
(epstopdf)             \includegraphics on input line 120.
Package epstopdf Info: Output file is already uptodate.
<rnetwork-eps-converted-to.pdf, id=157, 99.37125pt x 71.26625pt>
File: rnetwork-eps-converted-to.pdf Graphic file (type pdf)
<use rnetwork-eps-converted-to.pdf>
Package pdftex.def Info: rnetwork-eps-converted-to.pdf  used on input line 120.

(pdftex.def)             Requested size: 99.371pt x 71.26605pt.
LaTeX Font Info:    External font `cmex10' loaded for size
(Font)              <9> on input line 138.
LaTeX Font Info:    External font `cmex10' loaded for size
(Font)              <5> on input line 138.
LaTeX Font Info:    Trying to load font information for TS1+cmss on input line 
138.

(/usr/share/texlive/texmf-dist/tex/latex/base/ts1cmss.fd
File: ts1cmss.fd 2019/12/16 v2.5j Standard LaTeX font definitions
) [2 <./rnetwork-eps-converted-to.pdf>]
Package epstopdf Info: Source file: <kirchhoffsigns.eps>
(epstopdf)                    date: 2017-09-07 18:23:11
(epstopdf)                    size: 12401 bytes
(epstopdf)             Output file: <kirchhoffsigns-eps-converted-to.pdf>
(epstopdf)                    date: 2021-06-12 16:09:21
(epstopdf)                    size: 6682 bytes
(epstopdf)             Command: <repstopdf --outfile=kirchhoffsigns-eps-convert
ed-to.pdf kirchhoffsigns.eps>
(epstopdf)             \includegraphics on input line 187.
Package epstopdf Info: Output file is already uptodate.
<kirchhoffsigns-eps-converted-to.pdf, id=188, 96.36pt x 108.405pt>
File: kirchhoffsigns-eps-converted-to.pdf Graphic file (type pdf)
<use kirchhoffsigns-eps-converted-to.pdf>
Package pdftex.def Info: kirchhoffsigns-eps-converted-to.pdf  used on input lin
e 187.
(pdftex.def)             Requested size: 96.35974pt x 108.40472pt.
 [3 <./kirchhoffsigns-eps-converted-to.pdf>]
Package epstopdf Info: Source file: <thevenin.eps>
(epstopdf)                    date: 2017-08-11 09:18:27
(epstopdf)                    size: 23568 bytes
(epstopdf)             Output file: <thevenin-eps-converted-to.pdf>
(epstopdf)                    date: 2021-06-12 16:09:21
(epstopdf)                    size: 11673 bytes
(epstopdf)             Command: <repstopdf --outfile=thevenin-eps-converted-to.
pdf thevenin.eps>
(epstopdf)             \includegraphics on input line 236.
Package epstopdf Info: Output file is already uptodate.
<thevenin-eps-converted-to.pdf, id=207, 280.04625pt x 92.345pt>
File: thevenin-eps-converted-to.pdf Graphic file (type pdf)
<use thevenin-eps-converted-to.pdf>
Package pdftex.def Info: thevenin-eps-converted-to.pdf  used on input line 236.

(pdftex.def)             Requested size: 280.04555pt x 92.34476pt.
LaTeX Font Info:    Font shape `OT1/cmss/m/it' in size <10.95> not available
(Font)              Font shape `OT1/cmss/m/sl' tried instead on input line 266.

 [4 <./thevenin-eps-converted-to.pdf>]
Underfull \hbox (badness 10000) in paragraph at lines 300--300

 []

[5]
Package epstopdf Info: Source file: <acvdivider.eps>
(epstopdf)                    date: 2017-08-16 13:51:28
(epstopdf)                    size: 15857 bytes
(epstopdf)             Output file: <acvdivider-eps-converted-to.pdf>
(epstopdf)                    date: 2021-06-12 16:09:21
(epstopdf)                    size: 8368 bytes
(epstopdf)             Command: <repstopdf --outfile=acvdivider-eps-converted-t
o.pdf acvdivider.eps>
(epstopdf)             \includegraphics on input line 426.
Package epstopdf Info: Output file is already uptodate.
<acvdivider-eps-converted-to.pdf, id=243, 111.41624pt x 71.26625pt>
File: acvdivider-eps-converted-to.pdf Graphic file (type pdf)
<use acvdivider-eps-converted-to.pdf>
Package pdftex.def Info: acvdivider-eps-converted-to.pdf  used on input line 42
6.
(pdftex.def)             Requested size: 111.41597pt x 71.26605pt.
 [6]
Package epstopdf Info: Source file: <rlccircuit.eps>
(epstopdf)                    date: 2019-12-16 09:49:34
(epstopdf)                    size: 17555 bytes
(epstopdf)             Output file: <rlccircuit-eps-converted-to.pdf>
(epstopdf)                    date: 2021-06-12 16:09:21
(epstopdf)                    size: 8743 bytes
(epstopdf)             Command: <repstopdf --outfile=rlccircuit-eps-converted-t
o.pdf rlccircuit.eps>
(epstopdf)             \includegraphics on input line 504.
Package epstopdf Info: Output file is already uptodate.
<rlccircuit-eps-converted-to.pdf, id=262, 129.48375pt x 76.285pt>
File: rlccircuit-eps-converted-to.pdf Graphic file (type pdf)
<use rlccircuit-eps-converted-to.pdf>
Package pdftex.def Info: rlccircuit-eps-converted-to.pdf  used on input line 50
4.
(pdftex.def)             Requested size: 129.48341pt x 76.2848pt.
 [7 <./acvdivider-eps-converted-to.pdf>]
Package epstopdf Info: Source file: <rlcnr.eps>
(epstopdf)                    date: 2017-08-17 07:40:40
(epstopdf)                    size: 83941 bytes
(epstopdf)             Output file: <rlcnr-eps-converted-to.pdf>
(epstopdf)                    date: 2021-06-12 16:09:22
(epstopdf)                    size: 27348 bytes
(epstopdf)             Command: <repstopdf --outfile=rlcnr-eps-converted-to.pdf
 rlcnr.eps>
(epstopdf)             \includegraphics on input line 555.
Package epstopdf Info: Output file is already uptodate.
<rlcnr-eps-converted-to.pdf, id=289, 917.4275pt x 385.44pt>
File: rlcnr-eps-converted-to.pdf Graphic file (type pdf)
<use rlcnr-eps-converted-to.pdf>
Package pdftex.def Info: rlcnr-eps-converted-to.pdf  used on input line 555.
(pdftex.def)             Requested size: 917.42528pt x 385.43906pt.
Package epstopdf Info: Source file: <rlcres.eps>
(epstopdf)                    date: 2017-08-17 07:39:51
(epstopdf)                    size: 34743 bytes
(epstopdf)             Output file: <rlcres-eps-converted-to.pdf>
(epstopdf)                    date: 2021-06-12 16:09:22
(epstopdf)                    size: 14137 bytes
(epstopdf)             Command: <repstopdf --outfile=rlcres-eps-converted-to.pd
f rlcres.eps>
(epstopdf)             \includegraphics on input line 559.
Package epstopdf Info: Output file is already uptodate.
<rlcres-eps-converted-to.pdf, id=290, 917.4275pt x 385.44pt>
File: rlcres-eps-converted-to.pdf Graphic file (type pdf)
<use rlcres-eps-converted-to.pdf>
Package pdftex.def Info: rlcres-eps-converted-to.pdf  used on input line 559.
(pdftex.def)             Requested size: 917.42528pt x 385.43906pt.
Package epstopdf Info: Source file: <rlc_vout.eps>
(epstopdf)                    date: 2017-08-17 18:58:44
(epstopdf)                    size: 30486 bytes
(epstopdf)             Output file: <rlc_vout-eps-converted-to.pdf>
(epstopdf)                    date: 2021-06-12 16:09:22
(epstopdf)                    size: 12545 bytes
(epstopdf)             Command: <repstopdf --outfile=rlc_vout-eps-converted-to.
pdf rlc_vout.eps>
(epstopdf)             \includegraphics on input line 574.
Package epstopdf Info: Output file is already uptodate.
<rlc_vout-eps-converted-to.pdf, id=293, 440.64626pt x 403.5075pt>
File: rlc_vout-eps-converted-to.pdf Graphic file (type pdf)
<use rlc_vout-eps-converted-to.pdf>
Package pdftex.def Info: rlc_vout-eps-converted-to.pdf  used on input line 574.

(pdftex.def)             Requested size: 440.64517pt x 403.50652pt.
Package epstopdf Info: Source file: <rlc_phi.eps>
(epstopdf)                    date: 2017-08-17 16:49:17
(epstopdf)                    size: 48759 bytes
(epstopdf)             Output file: <rlc_phi-eps-converted-to.pdf>
(epstopdf)                    date: 2021-06-12 16:09:22
(epstopdf)                    size: 22171 bytes
(epstopdf)             Command: <repstopdf --outfile=rlc_phi-eps-converted-to.p
df rlc_phi.eps>
(epstopdf)             \includegraphics on input line 578.
Package epstopdf Info: Output file is already uptodate.
<rlc_phi-eps-converted-to.pdf, id=294, 459.7175pt x 406.51875pt>
File: rlc_phi-eps-converted-to.pdf Graphic file (type pdf)
<use rlc_phi-eps-converted-to.pdf>
Package pdftex.def Info: rlc_phi-eps-converted-to.pdf  used on input line 578.
(pdftex.def)             Requested size: 459.71637pt x 406.51775pt.
 [8 <./rlccircuit-eps-converted-to.pdf>] [9 <./rlcnr-eps-converted-to.pdf> <./r
lcres-eps-converted-to.pdf>]
Package epstopdf Info: Source file: <diodevi.eps>
(epstopdf)                    date: 2017-08-17 16:48:09
(epstopdf)                    size: 30134 bytes
(epstopdf)             Output file: <diodevi-eps-converted-to.pdf>
(epstopdf)                    date: 2021-06-12 16:09:22
(epstopdf)                    size: 14413 bytes
(epstopdf)             Command: <repstopdf --outfile=diodevi-eps-converted-to.p
df diodevi.eps>
(epstopdf)             \includegraphics on input line 635.
Package epstopdf Info: Output file is already uptodate.
<diodevi-eps-converted-to.pdf, id=353, 436.63126pt x 358.33875pt>
File: diodevi-eps-converted-to.pdf Graphic file (type pdf)
<use diodevi-eps-converted-to.pdf>
Package pdftex.def Info: diodevi-eps-converted-to.pdf  used on input line 635.
(pdftex.def)             Requested size: 436.63019pt x 358.33788pt.
Package epstopdf Info: Source file: <diode.eps>
(epstopdf)                    date: 2017-08-17 18:05:32
(epstopdf)                    size: 2785 bytes
(epstopdf)             Output file: <diode-eps-converted-to.pdf>
(epstopdf)                    date: 2021-06-12 16:09:23
(epstopdf)                    size: 2818 bytes
(epstopdf)             Command: <repstopdf --outfile=diode-eps-converted-to.pdf
 diode.eps>
(epstopdf)             \includegraphics on input line 665.
Package epstopdf Info: Output file is already uptodate.
<diode-eps-converted-to.pdf, id=355, 27.10126pt x 9.03375pt>
File: diode-eps-converted-to.pdf Graphic file (type pdf)
<use diode-eps-converted-to.pdf>
Package pdftex.def Info: diode-eps-converted-to.pdf  used on input line 665.
(pdftex.def)             Requested size: 27.10118pt x 9.0337pt.

[10 <./rlc_vout-eps-converted-to.pdf> <./rlc_phi-eps-converted-to.pdf> <./diode
vi-eps-converted-to.pdf>] [11 <./diode-eps-converted-to.pdf>]
Package epstopdf Info: Source file: <transistors.eps>
(epstopdf)                    date: 2017-09-02 19:48:48
(epstopdf)                    size: 20532 bytes
(epstopdf)             Output file: <transistors-eps-converted-to.pdf>
(epstopdf)                    date: 2021-06-12 16:09:23
(epstopdf)                    size: 10890 bytes
(epstopdf)             Command: <repstopdf --outfile=transistors-eps-converted-
to.pdf transistors.eps>
(epstopdf)             \includegraphics on input line 689.
Package epstopdf Info: Output file is already uptodate.
<transistors-eps-converted-to.pdf, id=406, 240.9pt x 111.41624pt>
File: transistors-eps-converted-to.pdf Graphic file (type pdf)
<use transistors-eps-converted-to.pdf>
Package pdftex.def Info: transistors-eps-converted-to.pdf  used on input line 6
89.
(pdftex.def)             Requested size: 240.8994pt x 111.41597pt.
Package epstopdf Info: Source file: <ebersmollcircuit.eps>
(epstopdf)                    date: 2017-09-11 13:55:28
(epstopdf)                    size: 22964 bytes
(epstopdf)             Output file: <ebersmollcircuit-eps-converted-to.pdf>
(epstopdf)                    date: 2021-06-12 16:09:23
(epstopdf)                    size: 9082 bytes
(epstopdf)             Command: <repstopdf --outfile=ebersmollcircuit-eps-conve
rted-to.pdf ebersmollcircuit.eps>
(epstopdf)             \includegraphics on input line 744.
Package epstopdf Info: Output file is already uptodate.
<ebersmollcircuit-eps-converted-to.pdf, id=408, 144.54pt x 107.40125pt>
File: ebersmollcircuit-eps-converted-to.pdf Graphic file (type pdf)
<use ebersmollcircuit-eps-converted-to.pdf>
Package pdftex.def Info: ebersmollcircuit-eps-converted-to.pdf  used on input l
ine 744.
(pdftex.def)             Requested size: 144.53963pt x 107.40097pt.
 [12 <./transistors-eps-converted-to.pdf>] [13 <./ebersmollcircuit-eps-converte
d-to.pdf>]
Package epstopdf Info: Source file: <transistorswitch.eps>
(epstopdf)                    date: 2017-09-03 16:56:48
(epstopdf)                    size: 13889 bytes
(epstopdf)             Output file: <transistorswitch-eps-converted-to.pdf>
(epstopdf)                    date: 2021-06-12 16:09:23
(epstopdf)                    size: 7416 bytes
(epstopdf)             Command: <repstopdf --outfile=transistorswitch-eps-conve
rted-to.pdf transistorswitch.eps>
(epstopdf)             \includegraphics on input line 836.
Package epstopdf Info: Output file is already uptodate.
<transistorswitch-eps-converted-to.pdf, id=453, 85.31876pt x 79.29625pt>
File: transistorswitch-eps-converted-to.pdf Graphic file (type pdf)
<use transistorswitch-eps-converted-to.pdf>
Package pdftex.def Info: transistorswitch-eps-converted-to.pdf  used on input l
ine 836.
(pdftex.def)             Requested size: 85.31853pt x 79.29604pt.

[14 <./transistorswitch-eps-converted-to.pdf>]
Package epstopdf Info: Source file: <emitterfollower.eps>
(epstopdf)                    date: 2017-09-03 13:49:51
(epstopdf)                    size: 19028 bytes
(epstopdf)             Output file: <emitterfollower-eps-converted-to.pdf>
(epstopdf)                    date: 2021-06-12 16:09:23
(epstopdf)                    size: 8961 bytes
(epstopdf)             Command: <repstopdf --outfile=emitterfollower-eps-conver
ted-to.pdf emitterfollower.eps>
(epstopdf)             \includegraphics on input line 891.
Package epstopdf Info: Output file is already uptodate.
<emitterfollower-eps-converted-to.pdf, id=470, 194.7275pt x 134.5025pt>
File: emitterfollower-eps-converted-to.pdf Graphic file (type pdf)
<use emitterfollower-eps-converted-to.pdf>
Package pdftex.def Info: emitterfollower-eps-converted-to.pdf  used on input li
ne 891.
(pdftex.def)             Requested size: 194.727pt x 134.50215pt.
Package epstopdf Info: Source file: <commonemitter.eps>
(epstopdf)                    date: 2017-09-18 23:52:51
(epstopdf)                    size: 21512 bytes
(epstopdf)             Output file: <commonemitter-eps-converted-to.pdf>
(epstopdf)                    date: 2021-06-12 16:09:24
(epstopdf)                    size: 9405 bytes
(epstopdf)             Command: <repstopdf --outfile=commonemitter-eps-converte
d-to.pdf commonemitter.eps>
(epstopdf)             \includegraphics on input line 938.
Package epstopdf Info: Output file is already uptodate.
<commonemitter-eps-converted-to.pdf, id=473, 201.75375pt x 176.66pt>
File: commonemitter-eps-converted-to.pdf Graphic file (type pdf)
<use commonemitter-eps-converted-to.pdf>
Package pdftex.def Info: commonemitter-eps-converted-to.pdf  used on input line
 938.
(pdftex.def)             Requested size: 201.75325pt x 176.65956pt.
 [15 <./emitterfollower-eps-converted-to.pdf>] [16 <./commonemitter-eps-convert
ed-to.pdf>]
Package epstopdf Info: Source file: <opamp_model.eps>
(epstopdf)                    date: 2017-09-25 16:03:25
(epstopdf)                    size: 32569 bytes
(epstopdf)             Output file: <opamp_model-eps-converted-to.pdf>
(epstopdf)                    date: 2021-06-12 16:09:24
(epstopdf)                    size: 14999 bytes
(epstopdf)             Command: <repstopdf --outfile=opamp_model-eps-converted-
to.pdf opamp_model.eps>
(epstopdf)             \includegraphics on input line 1010.
Package epstopdf Info: Output file is already uptodate.
<opamp_model-eps-converted-to.pdf, id=517, 488.82625pt x 188.705pt>
File: opamp_model-eps-converted-to.pdf Graphic file (type pdf)
<use opamp_model-eps-converted-to.pdf>
Package pdftex.def Info: opamp_model-eps-converted-to.pdf  used on input line 1
010.
(pdftex.def)             Requested size: 488.82504pt x 188.70453pt.
 [17 <./opamp_model-eps-converted-to.pdf>]
Package epstopdf Info: Source file: <invertingamp.eps>
(epstopdf)                    date: 2017-09-25 15:59:42
(epstopdf)                    size: 16517 bytes
(epstopdf)             Output file: <invertingamp-eps-converted-to.pdf>
(epstopdf)                    date: 2021-06-12 16:09:24
(epstopdf)                    size: 8420 bytes
(epstopdf)             Command: <repstopdf --outfile=invertingamp-eps-converted
-to.pdf invertingamp.eps>
(epstopdf)             \includegraphics on input line 1084.
Package epstopdf Info: Output file is already uptodate.
<invertingamp-eps-converted-to.pdf, id=541, 108.405pt x 90.3375pt>
File: invertingamp-eps-converted-to.pdf Graphic file (type pdf)
<use invertingamp-eps-converted-to.pdf>
Package pdftex.def Info: invertingamp-eps-converted-to.pdf  used on input line 
1084.
(pdftex.def)             Requested size: 108.40472pt x 90.33727pt.


LaTeX Font Warning: Font shape `OT1/cmss/bx/it' undefined
(Font)              using `OT1/cmss/bx/n' instead on input line 1119.

Package epstopdf Info: Source file: <noninvertingamp.eps>
(epstopdf)                    date: 2017-09-26 09:22:22
(epstopdf)                    size: 16613 bytes
(epstopdf)             Output file: <noninvertingamp-eps-converted-to.pdf>
(epstopdf)                    date: 2021-06-12 16:09:24
(epstopdf)                    size: 8421 bytes
(epstopdf)             Command: <repstopdf --outfile=noninvertingamp-eps-conver
ted-to.pdf noninvertingamp.eps>
(epstopdf)             \includegraphics on input line 1135.
Package epstopdf Info: Output file is already uptodate.
<noninvertingamp-eps-converted-to.pdf, id=544, 108.405pt x 111.41624pt>
File: noninvertingamp-eps-converted-to.pdf Graphic file (type pdf)
<use noninvertingamp-eps-converted-to.pdf>
Package pdftex.def Info: noninvertingamp-eps-converted-to.pdf  used on input li
ne 1135.
(pdftex.def)             Requested size: 108.40472pt x 111.41597pt.
[18 <./invertingamp-eps-converted-to.pdf>]
Package epstopdf Info: Source file: <vfollower.eps>
(epstopdf)                    date: 2017-09-26 09:37:16
(epstopdf)                    size: 14154 bytes
(epstopdf)             Output file: <vfollower-eps-converted-to.pdf>
(epstopdf)                    date: 2021-06-12 16:09:25
(epstopdf)                    size: 7718 bytes
(epstopdf)             Command: <repstopdf --outfile=vfollower-eps-converted-to
.pdf vfollower.eps>
(epstopdf)             \includegraphics on input line 1183.
Package epstopdf Info: Output file is already uptodate.
<vfollower-eps-converted-to.pdf, id=566, 85.31876pt x 81.30376pt>
File: vfollower-eps-converted-to.pdf Graphic file (type pdf)
<use vfollower-eps-converted-to.pdf>
Package pdftex.def Info: vfollower-eps-converted-to.pdf  used on input line 118
3.
(pdftex.def)             Requested size: 85.31853pt x 81.30354pt.
 [19 <./noninvertingamp-eps-converted-to.pdf> <./vfollower-eps-converted-to.pdf
>]
Package epstopdf Info: Source file: <summingamp.eps>
(epstopdf)                    date: 2017-09-26 09:52:46
(epstopdf)                    size: 18785 bytes
(epstopdf)             Output file: <summingamp-eps-converted-to.pdf>
(epstopdf)                    date: 2021-06-12 16:09:25
(epstopdf)                    size: 9120 bytes
(epstopdf)             Command: <repstopdf --outfile=summingamp-eps-converted-t
o.pdf summingamp.eps>
(epstopdf)             \includegraphics on input line 1202.
Package epstopdf Info: Output file is already uptodate.
<summingamp-eps-converted-to.pdf, id=593, 133.49875pt x 96.36pt>
File: summingamp-eps-converted-to.pdf Graphic file (type pdf)
<use summingamp-eps-converted-to.pdf>
Package pdftex.def Info: summingamp-eps-converted-to.pdf  used on input line 12
02.
(pdftex.def)             Requested size: 133.4984pt x 96.35974pt.
Package epstopdf Info: Source file: <differenceamp.eps>
(epstopdf)                    date: 2017-09-26 16:25:53
(epstopdf)                    size: 17455 bytes
(epstopdf)             Output file: <differenceamp-eps-converted-to.pdf>
(epstopdf)                    date: 2021-06-12 16:09:25
(epstopdf)                    size: 8606 bytes
(epstopdf)             Command: <repstopdf --outfile=differenceamp-eps-converte
d-to.pdf differenceamp.eps>
(epstopdf)             \includegraphics on input line 1257.
Package epstopdf Info: Output file is already uptodate.
<differenceamp-eps-converted-to.pdf, id=600, 121.45375pt x 111.41624pt>
File: differenceamp-eps-converted-to.pdf Graphic file (type pdf)
<use differenceamp-eps-converted-to.pdf>
Package pdftex.def Info: differenceamp-eps-converted-to.pdf  used on input line
 1257.
(pdftex.def)             Requested size: 121.45343pt x 111.41597pt.


LaTeX Warning: `!h' float specifier changed to `!ht'.

[20 <./summingamp-eps-converted-to.pdf>]
Package epstopdf Info: Source file: <differentiator.eps>
(epstopdf)                    date: 2019-08-24 12:49:21
(epstopdf)                    size: 18079 bytes
(epstopdf)             Output file: <differentiator-eps-converted-to.pdf>
(epstopdf)                    date: 2021-06-12 16:09:25
(epstopdf)                    size: 8683 bytes
(epstopdf)             Command: <repstopdf --outfile=differentiator-eps-convert
ed-to.pdf differentiator.eps>
(epstopdf)             \includegraphics on input line 1305.
Package epstopdf Info: Output file is already uptodate.
<differentiator-eps-converted-to.pdf, id=619, 108.405pt x 129.48375pt>
File: differentiator-eps-converted-to.pdf Graphic file (type pdf)
<use differentiator-eps-converted-to.pdf>
Package pdftex.def Info: differentiator-eps-converted-to.pdf  used on input lin
e 1305.
(pdftex.def)             Requested size: 108.40472pt x 129.48341pt.


LaTeX Warning: `!h' float specifier changed to `!ht'.

[21 <./differenceamp-eps-converted-to.pdf>]
Package epstopdf Info: Source file: <integrator.eps>
(epstopdf)                    date: 2019-08-24 12:42:39
(epstopdf)                    size: 17976 bytes
(epstopdf)             Output file: <integrator-eps-converted-to.pdf>
(epstopdf)                    date: 2021-06-12 16:09:25
(epstopdf)                    size: 8714 bytes
(epstopdf)             Command: <repstopdf --outfile=integrator-eps-converted-t
o.pdf integrator.eps>
(epstopdf)             \includegraphics on input line 1357.
Package epstopdf Info: Output file is already uptodate.
<integrator-eps-converted-to.pdf, id=640, 108.405pt x 126.4725pt>
File: integrator-eps-converted-to.pdf Graphic file (type pdf)
<use integrator-eps-converted-to.pdf>
Package pdftex.def Info: integrator-eps-converted-to.pdf  used on input line 13
57.
(pdftex.def)             Requested size: 108.40472pt x 126.47218pt.


LaTeX Warning: `!h' float specifier changed to `!ht'.

[22 <./differentiator-eps-converted-to.pdf>] [23 <./integrator-eps-converted-to
.pdf>]
Package epstopdf Info: Source file: <breadboard.eps>
(epstopdf)                    date: 2017-09-07 14:06:44
(epstopdf)                    size: 58974 bytes
(epstopdf)             Output file: <breadboard-eps-converted-to.pdf>
(epstopdf)                    date: 2021-06-12 16:09:26
(epstopdf)                    size: 13147 bytes
(epstopdf)             Command: <repstopdf --outfile=breadboard-eps-converted-t
o.pdf breadboard.eps>
(epstopdf)             \includegraphics on input line 1494.
Package epstopdf Info: Output file is already uptodate.
<breadboard-eps-converted-to.pdf, id=676, 555.07375pt x 328.22626pt>
File: breadboard-eps-converted-to.pdf Graphic file (type pdf)
<use breadboard-eps-converted-to.pdf>
Package pdftex.def Info: breadboard-eps-converted-to.pdf  used on input line 14
94.
(pdftex.def)             Requested size: 555.07237pt x 328.22545pt.
 [24

 <./breadboard-eps-converted-to.pdf>]
Package epstopdf Info: Source file: <dmm.eps>
(epstopdf)                    date: 2017-08-30 21:34:38
(epstopdf)                    size: 33521 bytes
(epstopdf)             Output file: <dmm-eps-converted-to.pdf>
(epstopdf)                    date: 2021-06-12 16:09:26
(epstopdf)                    size: 15560 bytes
(epstopdf)             Command: <repstopdf --outfile=dmm-eps-converted-to.pdf d
mm.eps>
(epstopdf)             \includegraphics on input line 1554.
Package epstopdf Info: Output file is already uptodate.
<dmm-eps-converted-to.pdf, id=691, 307.1475pt x 91.34125pt>
File: dmm-eps-converted-to.pdf Graphic file (type pdf)
<use dmm-eps-converted-to.pdf>
Package pdftex.def Info: dmm-eps-converted-to.pdf  used on input line 1554.
(pdftex.def)             Requested size: 307.14674pt x 91.34102pt.
 [25 <./dmm-eps-converted-to.pdf>]
Package atveryend Info: Empty hook `BeforeClearDocument' on input line 1908.
 [26]
Package atveryend Info: Empty hook `AfterLastShipout' on input line 1908.
 (./p328_notes.aux)
Package atveryend Info: Executing hook `AtVeryEndDocument' on input line 1908.
Package atveryend Info: Executing hook `AtEndAfterFileList' on input line 1908.

Package rerunfilecheck Info: File `p328_notes.out' has not changed.
(rerunfilecheck)             Checksum: BA18D54BE73D39B6B85E51BB43B6EBEC;2214.


LaTeX Font Warning: Some font shapes were not available, defaults substituted.

Package atveryend Info: Empty hook `AtVeryVeryEnd' on input line 1908.
 ) 
Here is how much of TeX's memory you used:
 6076 strings out of 483183
 95358 string characters out of 5966292
 353967 words of memory out of 5000000
 20780 multiletter control sequences out of 15000+600000
 543174 words of font info for 59 fonts, out of 8000000 for 9000
 14 hyphenation exceptions out of 8191
 34i,11n,29p,547b,405s stack positions out of 5000i,500n,10000p,200000b,80000s
 </home/lriley/.texlive2019/texmf-var/fonts/pk/ljfour/jknappen/ec/tcss1095.60
0pk> </home/lriley/.texlive2019/texmf-var/fonts/pk/ljfour/jknappen/ec/tcss0900.
600pk></usr/share/texlive/texmf-dist/fonts/type1/public/amsfonts/cm/cmex10.pfb>
</usr/share/texlive/texmf-dist/fonts/type1/public/amsfonts/cm/cmmi10.pfb></usr/
share/texlive/texmf-dist/fonts/type1/public/amsfonts/cm/cmmi6.pfb></usr/share/t
exlive/texmf-dist/fonts/type1/public/amsfonts/cm/cmmi8.pfb></usr/share/texlive/
texmf-dist/fonts/type1/public/amsfonts/cm/cmss10.pfb></usr/share/texlive/texmf-
dist/fonts/type1/public/amsfonts/cm/cmss12.pfb></usr/share/texlive/texmf-dist/f
onts/type1/public/amsfonts/cm/cmss17.pfb></usr/share/texlive/texmf-dist/fonts/t
ype1/public/amsfonts/cm/cmss8.pfb></usr/share/texlive/texmf-dist/fonts/type1/pu
blic/amsfonts/cm/cmss9.pfb></usr/share/texlive/texmf-dist/fonts/type1/public/am
sfonts/cm/cmssbx10.pfb></usr/share/texlive/texmf-dist/fonts/type1/public/amsfon
ts/cm/cmssi10.pfb></usr/share/texlive/texmf-dist/fonts/type1/public/amsfonts/cm
/cmssi8.pfb></usr/share/texlive/texmf-dist/fonts/type1/public/amsfonts/cm/cmsy1
0.pfb></usr/share/texlive/texmf-dist/fonts/type1/public/amsfonts/cm/cmsy8.pfb><
/usr/share/texlive/texmf-dist/fonts/type1/public/amsfonts/cm/cmtt10.pfb>
Output written on p328_notes.pdf (26 pages, 444972 bytes).
PDF statistics:
 819 PDF objects out of 1000 (max. 8388607)
 656 compressed objects within 7 object streams
 184 named destinations out of 1000 (max. 500000)
 384 words of extra memory for PDF output out of 10000 (max. 10000000)

